This is pdfTeX, Version 3.14159265-2.6-1.40.16 (TeX Live 2015/Debian) (preloaded format=pdflatex 2018.1.12)  14 JAN 2018 14:29
entering extended mode
 restricted \write18 enabled.
 %&-line parsing enabled.
**math.tex
(./math.tex
LaTeX2e <2016/02/01>
Babel <3.9q> and hyphenation patterns for 81 language(s) loaded.
(/usr/share/texlive/texmf-dist/tex/latex/base/article.cls
Document Class: article 2014/09/29 v1.4h Standard LaTeX document class
(/usr/share/texlive/texmf-dist/tex/latex/base/size10.clo
File: size10.clo 2014/09/29 v1.4h Standard LaTeX file (size option)
)
\c@part=\count79
\c@section=\count80
\c@subsection=\count81
\c@subsubsection=\count82
\c@paragraph=\count83
\c@subparagraph=\count84
\c@figure=\count85
\c@table=\count86
\abovecaptionskip=\skip41
\belowcaptionskip=\skip42
\bibindent=\dimen102
) (./math.aux)
\openout1 = `math.aux'.

LaTeX Font Info:    Checking defaults for OML/cmm/m/it on input line 3.
LaTeX Font Info:    ... okay on input line 3.
LaTeX Font Info:    Checking defaults for T1/cmr/m/n on input line 3.
LaTeX Font Info:    ... okay on input line 3.
LaTeX Font Info:    Checking defaults for OT1/cmr/m/n on input line 3.
LaTeX Font Info:    ... okay on input line 3.
LaTeX Font Info:    Checking defaults for OMS/cmsy/m/n on input line 3.
LaTeX Font Info:    ... okay on input line 3.
LaTeX Font Info:    Checking defaults for OMX/cmex/m/n on input line 3.
LaTeX Font Info:    ... okay on input line 3.
LaTeX Font Info:    Checking defaults for U/cmr/m/n on input line 3.
LaTeX Font Info:    ... okay on input line 3.

Underfull \hbox (badness 10000) in paragraph at lines 5--6

 []

LaTeX Font Info:    Try loading font information for OMS+cmr on input line 7.
(/usr/share/texlive/texmf-dist/tex/latex/base/omscmr.fd
File: omscmr.fd 2014/09/29 v2.5h Standard LaTeX font definitions
)
LaTeX Font Info:    Font shape `OMS/cmr/m/n' in size <10> not available
(Font)              Font shape `OMS/cmsy/m/n' tried instead on input line 7.
LaTeX Font Info:    External font `cmex10' loaded for size
(Font)              <7> on input line 7.
LaTeX Font Info:    External font `cmex10' loaded for size
(Font)              <5> on input line 7.

Underfull \hbox (badness 10000) in paragraph at lines 14--15

 []


Underfull \hbox (badness 10000) in paragraph at lines 19--20

 []


Underfull \hbox (badness 10000) in paragraph at lines 22--25

 []


Overfull \hbox (6.04701pt too wide) in paragraph at lines 25--30
[]\OT1/cmr/m/n/10 Iteration. Move the con-text, and by max-i-miz-ing the ojbect
s func-tion,update
 []

[1

{/var/lib/texmf/fonts/map/pdftex/updmap/pdftex.map}]
Overfull \hbox (104.37758pt too wide) detected at line 100
[] \OT1/cmr/m/n/10 = [] \OMS/cmsy/m/n/10 ^^C [] [] \OML/cmm/m/it/10 q[] \OMS/cm
sy/m/n/10 ^^C \OML/cmm/m/it/10 N\OT1/cmr/m/n/10 (0; \OML/cmm/m/it/10 ^^V[] \OMS
/cmsy/m/n/10 ^^@ \OML/cmm/m/it/10 ^^V[]; ^^[[] \OT1/cmr/m/n/10 + \OML/cmm/m/it/
10 ^^[[]\OT1/cmr/m/n/10 )((\OML/cmm/m/it/10 ^^[[] \OT1/cmr/m/n/10 + \OML/cmm/m/
it/10 ^^[[]\OT1/cmr/m/n/10 )[] \OMS/cmsy/m/n/10 ^^C \OT1/cmr/m/n/10 (\OML/cmm/m
/it/10 ^^V[] \OMS/cmsy/m/n/10 ^^@ \OML/cmm/m/it/10 ^^V[]\OT1/cmr/m/n/10 )[] \OM
S/cmsy/m/n/10 ^^C \OT1/cmr/m/n/10 (\OML/cmm/m/it/10 ^^V[] \OMS/cmsy/m/n/10 ^^@ 
\OML/cmm/m/it/10 ^^V[]\OT1/cmr/m/n/10 ) \OMS/cmsy/m/n/10 ^^C \OT1/cmr/m/n/10 (\
OML/cmm/m/it/10 ^^[[] \OT1/cmr/m/n/10 + \OML/cmm/m/it/10 ^^[[]\OT1/cmr/m/n/10 )
[] \OMS/cmsy/m/n/10 ^^@ \OT1/cmr/m/n/10 (\OML/cmm/m/it/10 ^^[[] \OT1/cmr/m/n/10
 + \OML/cmm/m/it/10 ^^[[]\OT1/cmr/m/n/10 )[])
 []


Overfull \hbox (104.37758pt too wide) detected at line 104
[] \OT1/cmr/m/n/10 = [] \OMS/cmsy/m/n/10 ^^C [] [] \OML/cmm/m/it/10 p[] \OMS/cm
sy/m/n/10 ^^C \OML/cmm/m/it/10 N\OT1/cmr/m/n/10 (0; \OML/cmm/m/it/10 ^^V[] \OMS
/cmsy/m/n/10 ^^@ \OML/cmm/m/it/10 ^^V[]; ^^[[] \OT1/cmr/m/n/10 + \OML/cmm/m/it/
10 ^^[[]\OT1/cmr/m/n/10 )((\OML/cmm/m/it/10 ^^[[] \OT1/cmr/m/n/10 + \OML/cmm/m/
it/10 ^^[[]\OT1/cmr/m/n/10 )[] \OMS/cmsy/m/n/10 ^^C \OT1/cmr/m/n/10 (\OML/cmm/m
/it/10 ^^V[] \OMS/cmsy/m/n/10 ^^@ \OML/cmm/m/it/10 ^^V[]\OT1/cmr/m/n/10 )[] \OM
S/cmsy/m/n/10 ^^C \OT1/cmr/m/n/10 (\OML/cmm/m/it/10 ^^V[] \OMS/cmsy/m/n/10 ^^@ 
\OML/cmm/m/it/10 ^^V[]\OT1/cmr/m/n/10 ) \OMS/cmsy/m/n/10 ^^C \OT1/cmr/m/n/10 (\
OML/cmm/m/it/10 ^^[[] \OT1/cmr/m/n/10 + \OML/cmm/m/it/10 ^^[[]\OT1/cmr/m/n/10 )
[] \OMS/cmsy/m/n/10 ^^@ \OT1/cmr/m/n/10 (\OML/cmm/m/it/10 ^^[[] \OT1/cmr/m/n/10
 + \OML/cmm/m/it/10 ^^[[]\OT1/cmr/m/n/10 )[])
 []


Overfull \hbox (116.39026pt too wide) in paragraph at lines 104--109
\OT1/cmr/m/n/10 ********************************************* *****************
**one modal*******************
 []

[2] [3] (./math.aux) ) 
Here is how much of TeX's memory you used:
 219 strings out of 493029
 2444 string characters out of 6136234
 61431 words of memory out of 5000000
 3839 multiletter control sequences out of 15000+600000
 3640 words of font info for 14 fonts, out of 8000000 for 9000
 1141 hyphenation exceptions out of 8191
 23i,5n,19p,201b,175s stack positions out of 5000i,500n,10000p,200000b,80000s
</usr/share/texlive/texmf-dist/fonts/type1/public/amsfont
s/cm/cmex10.pfb></usr/share/texlive/texmf-dist/fonts/type1/public/amsfonts/cm/c
mmi10.pfb></usr/share/texlive/texmf-dist/fonts/type1/public/amsfonts/cm/cmmi7.p
fb></usr/share/texlive/texmf-dist/fonts/type1/public/amsfonts/cm/cmr10.pfb></us
r/share/texlive/texmf-dist/fonts/type1/public/amsfonts/cm/cmr7.pfb></usr/share/
texlive/texmf-dist/fonts/type1/public/amsfonts/cm/cmsy10.pfb></usr/share/texliv
e/texmf-dist/fonts/type1/public/amsfonts/cm/cmsy7.pfb>
Output written on math.pdf (3 pages, 80544 bytes).
PDF statistics:
 42 PDF objects out of 1000 (max. 8388607)
 29 compressed objects within 1 object stream
 0 named destinations out of 1000 (max. 500000)
 1 words of extra memory for PDF output out of 10000 (max. 10000000)

